<?xml version="1.0" encoding="UTF-8" standalone="yes"?><!DOCTYPE report PUBLIC "-//JACOCO//DTD Report 1.1//EN" "report.dtd"><report name="Docs Core"><sessioninfo id="w5712-8e5b6548" start="1777361956980" dump="1777361961878"/><sessioninfo id="w5712-490233cd" start="1777361962018" dump="1777361965176"/><sessioninfo id="w5712-6cb9fa64" start="1777361965349" dump="1777361968609"/><sessioninfo id="w5712-8641bb7" start="1777361968758" dump="1777361969047"/><sessioninfo id="w5712-f8a14451" start="1777361969196" dump="1777362007846"/><sessioninfo id="w5712-f6cb8f4a" start="1777362008041" dump="1777362008621"/><sessioninfo id="w5712-7d919572" start="1777362008741" dump="1777362009012"/><sessioninfo id="w5712-4963c1a6" start="1777362009152" dump="1777362009429"/><sessioninfo id="w5712-7cad6897" start="1777362009566" dump="1777362014440"/><sessioninfo id="w5712-7db67df" start="1777362014603" dump="1777362014879"/><sessioninfo id="w5712-ce688cd4" start="1777362015013" dump="1777362015269"/><sessioninfo id="w5712-1fed1c40" start="1777362015414" dump="1777362018268"/><sessioninfo id="w5712-d9f72fdd" start="1777362018434" dump="1777362022333"/><sessioninfo id="w5712-18d33587" start="1777362022441" dump="1777362022689"/></report>